Connecting to database specified by database.yml
Connecting to database specified by database.yml


Started GET "/assets/rails.png" for 127.0.0.1 at 2015-11-15 04:00:26 +0100
Connecting to database specified by database.yml
Sprockets Cache miss "file_digest:app/assets/images/rails.png:1447545332"  (2ms)
Served asset /rails.png - 200 OK (298ms)


Started GET "/assets/rails.png" for 127.0.0.1 at 2015-11-15 04:14:34 +0100
Connecting to database specified by database.yml
Served asset /rails.png - 304 Not Modified (292ms)


Started GET "/assets/rails.png" for 127.0.0.1 at 2015-11-15 04:14:39 +0100
Served asset /rails.png - 304 Not Modified (1ms)
Connecting to database specified by database.yml


Started GET "/assets/rails.png" for 127.0.0.1 at 2015-11-15 04:18:26 +0100
Connecting to database specified by database.yml
Served asset /rails.png - 304 Not Modified (297ms)


Started GET "/assets/rails.png" for 127.0.0.1 at 2015-11-15 04:18:31 +0100
Served asset /rails.png - 304 Not Modified (1ms)


Started GET "/assets/rails.png" for 127.0.0.1 at 2015-11-15 04:20:00 +0100
Connecting to database specified by database.yml
Served asset /rails.png - 304 Not Modified (295ms)


Started GET "/assets/rails.png" for 127.0.0.1 at 2015-11-15 04:20:04 +0100
Served asset /rails.png - 304 Not Modified (1ms)


Started GET "/assets/rails.png" for 127.0.0.1 at 2015-11-15 04:20:07 +0100
Served asset /rails.png - 304 Not Modified (1ms)


Started GET "/assets/rails.png" for 127.0.0.1 at 2015-11-15 04:20:36 +0100
Served asset /rails.png - 304 Not Modified (2ms)


Started GET "/assets/rails.png" for 127.0.0.1 at 2015-11-15 04:20:39 +0100
Served asset /rails.png - 304 Not Modified (1ms)


Started GET "/" for 127.0.0.1 at 2015-11-15 04:21:48 +0100
Connecting to database specified by database.yml
Processing by HomeController#index as HTML
  Rendered home/index.html.erb within layouts/application (3.4ms)
Sprockets Cache miss "file_digest:app/assets/stylesheets/application.css:1447545332"  (3ms)
Sprockets Cache miss "file_digest:app/assets/stylesheets:1447556562"  (3ms)
Sprockets Cache miss "file_digest:app/assets/stylesheets/challenges.css.scss:1447556312"  (3ms)
Sprockets Cache miss "file_digest:app/assets/stylesheets/home.css.scss:1447556562"  (3ms)
Sprockets Cache miss "file_digest:app/assets/stylesheets/users.css.scss:1447556233"  (3ms)
Completed 500 Internal Server Error in 392.5ms

ActionView::Template::Error (undefined method `[]' for nil:NilClass):
    2: <html>
    3: <head>
    4:   <title>HowTo</title>
    5:   <%= stylesheet_link_tag    "application", :media => "all" %>
    6:   <%= javascript_include_tag "application" %>
    7:   <%= csrf_meta_tags %>
    8: </head>
  app/views/layouts/application.html.erb:5:in `_app_views_layouts_application_html_erb__736823696_86384120'


  Rendered /usr/lib/ruby/vendor_ruby/action_dispatch/middleware/templates/rescues/_trace.erb (2.1ms)
  Rendered /usr/lib/ruby/vendor_ruby/action_dispatch/middleware/templates/rescues/_request_and_response.erb (1.3ms)
  Rendered /usr/lib/ruby/vendor_ruby/action_dispatch/middleware/templates/rescues/template_error.erb within rescues/layout (12.1ms)


Started GET "/" for 127.0.0.1 at 2015-11-15 04:26:09 +0100
Connecting to database specified by database.yml
Processing by HomeController#index as HTML
  Rendered home/index.html.erb within layouts/application (3.0ms)
Sprockets Cache miss "file_digest:app/assets/javascripts/application.js:1447545332"  (3ms)
Sprockets Cache miss "file_digest:app/assets/images:1447545332"  (3ms)
Sprockets Cache miss "file_digest:app/assets/javascripts:1447556562"  (3ms)
Sprockets Cache miss "file_digest:vendor/assets/javascripts:1447545332"  (1ms)
Sprockets Cache miss "file_digest:vendor/assets/stylesheets:1447545332"  (3ms)
Sprockets Cache miss "file_digest:/var/lib/gems/1.9.1/gems/jquery-rails-3.1.4/vendor/assets/javascripts:1447549790"  (3ms)
Sprockets Cache miss "file_digest:/var/lib/gems/1.9.1/gems/jquery-rails-3.1.4/vendor/assets/javascripts/jquery.js:14475497"  (6ms)
Sprockets Cache miss "file_digest:/var/lib/gems/1.9.1/gems/jquery-rails-3.1.4/vendor/assets/javascripts/jquery_ujs.js:1447"  (3ms)
Sprockets Cache miss "file_digest:app/assets/javascripts/challenges.js.coffee:1447556312"  (3ms)
Sprockets Cache miss "file_digest:app/assets/javascripts/home.js.coffee:1447556562"  (50ms)
Sprockets Cache miss "file_digest:app/assets/javascripts/users.js.coffee:1447556233"  (3ms)
Sprockets Cache miss "Sprockets::CoffeeScriptProcessor:1.10.0:1":"# Place all the behaviors and hooks related to the matc  (641ms)
Completed 200 OK in 1237.5ms (Views: 1236.9ms | ActiveRecord: 0.0ms)


Started GET "/assets/stylesheet.css" for 127.0.0.1 at 2015-11-15 04:26:11 +0100
Served asset /stylesheet.css - 404 Not Found (25ms)

ActionController::RoutingError (No route matches [GET] "/assets/stylesheet.css"):
  /usr/lib/ruby/vendor_ruby/action_dispatch/middleware/debug_exceptions.rb:21:in `call'
  /usr/lib/ruby/vendor_ruby/action_dispatch/middleware/show_exceptions.rb:56:in `call'
  /usr/lib/ruby/vendor_ruby/rails/rack/logger.rb:32:in `call_app'
  /usr/lib/ruby/vendor_ruby/rails/rack/logger.rb:16:in `block in call'
  /usr/lib/ruby/vendor_ruby/active_support/tagged_logging.rb:22:in `tagged'
  /usr/lib/ruby/vendor_ruby/rails/rack/logger.rb:16:in `call'
  /usr/lib/ruby/vendor_ruby/action_dispatch/middleware/request_id.rb:22:in `call'
  rack (1.6.4) lib/rack/methodoverride.rb:22:in `call'
  rack (1.6.4) lib/rack/runtime.rb:18:in `call'
  /usr/lib/ruby/vendor_ruby/active_support/cache/strategy/local_cache.rb:72:in `call'
  rack (1.6.4) lib/rack/lock.rb:17:in `call'
  /usr/lib/ruby/vendor_ruby/action_dispatch/middleware/static.rb:63:in `call'
  /usr/lib/ruby/vendor_ruby/rails/engine.rb:484:in `call'
  /usr/lib/ruby/vendor_ruby/rails/application.rb:231:in `call'
  rack (1.6.4) lib/rack/content_length.rb:15:in `call'
  /usr/lib/ruby/vendor_ruby/rails/rack/log_tailer.rb:17:in `call'
  rack (1.6.4) lib/rack/handler/webrick.rb:88:in `service'
  /usr/lib/ruby/1.9.1/webrick/httpserver.rb:138:in `service'
  /usr/lib/ruby/1.9.1/webrick/httpserver.rb:94:in `run'
  /usr/lib/ruby/1.9.1/webrick/server.rb:191:in `block in start_thread'


  Rendered /usr/lib/ruby/vendor_ruby/action_dispatch/middleware/templates/rescues/routing_error.erb within rescues/layout (0.8ms)


Started GET "/assets/users.self.js?body=1" for 127.0.0.1 at 2015-11-15 04:26:11 +0100
Served asset /users.self.js - 200 OK (3ms)


Started GET "/assets/jquery.self.js?body=1" for 127.0.0.1 at 2015-11-15 04:26:11 +0100
Served asset /jquery.self.js - 200 OK (2ms)


Started GET "/assets/jquery_ujs.self.js?body=1" for 127.0.0.1 at 2015-11-15 04:26:11 +0100
Served asset /jquery_ujs.self.js - 200 OK (6ms)


Started GET "/assets/challenges.self.js?body=1" for 127.0.0.1 at 2015-11-15 04:26:11 +0100
Served asset /challenges.self.js - 200 OK (1ms)


Started GET "/assets/home.self.js?body=1" for 127.0.0.1 at 2015-11-15 04:26:11 +0100
Served asset /home.self.js - 200 OK (16ms)


Started GET "/assets/application.self.js?body=1" for 127.0.0.1 at 2015-11-15 04:26:11 +0100
Served asset /application.self.js - 200 OK (5ms)
